2025-07-04 01:18:21,440 - INFO - --- Starting run: plain_cnn_nbn-m5-cifar-n100-s42 ---
2025-07-04 01:18:25,408 - INFO - Attempting to generate model...
2025-07-04 01:18:25,466 - INFO - Model generated. Depth: 16, Channels: [512, 512, 512, 64, 64, 128, 512, 256, 128, 128, 256, 64, 128, 512, 128, 64]
2025-07-04 01:18:25,467 - INFO - Calculating initial geometric metrics (LCE, LPA)...
2025-07-04 01:18:25,882 - INFO - Metrics calculated. LCE: 2.601, LPA: 0.115
2025-07-04 01:18:26,312 - INFO - Starting 20 epochs of training...
2025-07-04 01:18:39,176 - INFO - Epoch 1/20 completed. Current TBD: 0.60
2025-07-04 01:19:30,589 - INFO - Epoch 5/20 completed. Current TBD: 0.67
2025-07-04 01:20:35,015 - INFO - Epoch 10/20 completed. Current TBD: 0.63
2025-07-04 01:21:39,375 - INFO - Epoch 15/20 completed. Current TBD: 0.59
2025-07-04 07:21:15,611 - INFO - --- Starting run: plain_cnn_nbn-m5-cifar-n100-s42 ---
2025-07-04 07:21:19,569 - INFO - Attempting to generate model...
2025-07-04 07:21:19,625 - INFO - Model generated. Depth: 16, Channels: [512, 512, 512, 64, 64, 128, 512, 256, 128, 128, 256, 64, 128, 512, 128, 64]
2025-07-04 07:21:19,626 - INFO - Calculating initial geometric metrics (LCE, LPA)...
2025-07-04 07:21:20,016 - INFO - Metrics calculated. LCE: 2.601, LPA: 0.115
2025-07-04 07:21:20,415 - INFO - Starting 20 epochs of training...
2025-07-04 07:21:38,170 - INFO - Epoch 1/20 completed. Current TBD: 0.60
2025-07-04 07:22:49,369 - INFO - Epoch 5/20 completed. Current TBD: 0.67
2025-07-04 07:24:18,207 - INFO - Epoch 10/20 completed. Current TBD: 0.63
2025-07-04 07:25:12,043 - INFO - --- Starting run: plain_cnn_nbn-m5-cifar-n100-s42 ---
2025-07-04 07:25:15,925 - INFO - Attempting to generate model...
2025-07-04 07:25:15,982 - INFO - Model generated. Depth: 16, Channels: [512, 512, 512, 64, 64, 128, 512, 256, 128, 128, 256, 64, 128, 512, 128, 64]
2025-07-04 07:25:15,983 - INFO - Calculating initial geometric metrics (LCE, LPA)...
2025-07-04 07:25:16,431 - INFO - Metrics calculated. LCE: 2.601, LPA: 0.115
2025-07-04 07:25:16,918 - INFO - Starting 20 epochs of training...
2025-07-04 07:25:34,579 - INFO - Epoch 1/20 completed. Current TBD: 0.60
2025-07-04 08:59:17,007 - INFO - --- Starting run: plain_cnn_nbn-m5-cifar-n100-s42 ---
2025-07-04 08:59:20,878 - INFO - Attempting to generate model...
2025-07-04 08:59:20,928 - INFO - Model generated. Depth: 16, Channels: [512, 512, 512, 64, 64, 128, 512, 256, 128, 128, 256, 64, 128, 512, 128, 64]
2025-07-04 08:59:20,929 - INFO - Calculating initial geometric metrics (LCE, LPA)...
2025-07-04 08:59:21,273 - INFO - Metrics calculated. LCE: 2.601, LPA: 0.115
2025-07-04 08:59:21,442 - INFO - Starting 20 epochs of training...
2025-07-04 08:59:42,950 - INFO - Epoch 1/20 completed. Current TBD: 0.81
2025-07-04 09:01:08,542 - INFO - Epoch 5/20 completed. Current TBD: 0.81
2025-07-04 09:02:56,107 - INFO - Epoch 10/20 completed. Current TBD: 0.73
2025-07-04 09:04:43,170 - INFO - Epoch 15/20 completed. Current TBD: 0.70
2025-07-04 09:06:30,438 - INFO - Epoch 20/20 completed. Current TBD: 0.68
2025-07-04 09:06:30,440 - INFO - Training complete. Calculating final metrics and outcomes...
2025-07-04 09:06:32,953 - INFO - Attempting to fit decay constant (tau)...
2025-07-04 09:06:32,956 - INFO - Decay constant (tau) calculation completed. Tau: 12.48
2025-07-04 09:06:32,957 - INFO - Run outcomes calculated. Final Accuracy: 10.00, Tau: 12.48
2025-07-04 09:06:32,957 - INFO - --- Run plain_cnn_nbn-m5-cifar-n100-s42 completed. ---
