2025-07-03 22:18:54,165 - INFO - --- Starting run: resnet-m3-mnist-n0-s42 ---
2025-07-03 22:18:57,418 - INFO - Attempting to generate model...
2025-07-03 22:18:57,488 - INFO - Model generated. Depth: 16, Channels: [512, 128, 256, 256]
2025-07-03 22:18:57,489 - INFO - Calculating initial geometric metrics (LCE, LPA)...
2025-07-03 22:18:58,105 - INFO - Metrics calculated. LCE: 1.600, LPA: 0.128
2025-07-03 22:18:58,458 - INFO - Starting 20 epochs of training...
2025-07-03 22:19:07,127 - INFO - --- Starting run: resnet-m3-mnist-n0-s42 ---
2025-07-03 22:19:10,242 - INFO - Attempting to generate model...
2025-07-03 22:19:10,399 - INFO - Model generated. Depth: 16, Channels: [512, 128, 256, 256]
2025-07-03 22:19:10,401 - INFO - Calculating initial geometric metrics (LCE, LPA)...
2025-07-03 22:19:11,148 - INFO - Metrics calculated. LCE: 1.600, LPA: 0.128
2025-07-03 22:19:11,726 - INFO - Starting 20 epochs of training...
2025-07-03 22:19:43,577 - INFO - Epoch 1/20 completed. Current TBD: 167470.00
2025-07-03 22:21:50,430 - INFO - Epoch 5/20 completed. Current TBD: 33842.23
2025-07-03 22:24:29,107 - INFO - Epoch 10/20 completed. Current TBD: 17624.23
2025-07-03 22:27:07,611 - INFO - Epoch 15/20 completed. Current TBD: 14763.63
2025-07-03 22:29:46,175 - INFO - Epoch 20/20 completed. Current TBD: 7163.45
2025-07-03 22:29:46,177 - INFO - Training complete. Calculating final metrics and outcomes...
2025-07-03 22:29:49,244 - INFO - Attempting to fit decay constant (tau)...
2025-07-03 22:29:49,248 - INFO - Decay constant (tau) calculation completed. Tau: 1.09
2025-07-03 22:29:49,249 - INFO - Run outcomes calculated. Final Accuracy: 98.82, Tau: 1.09
2025-07-03 22:29:49,249 - INFO - --- Run resnet-m3-mnist-n0-s42 completed. ---
