2025-07-04 13:11:05,137 - INFO - --- Starting run: resnet-m3-cifar-n0-s42 ---
2025-07-04 13:11:08,641 - INFO - Attempting to generate model...
2025-07-04 13:11:08,708 - INFO - Model generated. Depth: 16, Channels: [512, 128, 256, 256]
2025-07-04 13:11:08,710 - INFO - Calculating initial geometric metrics (LCE, LPA)...
2025-07-04 13:11:09,489 - INFO - Metrics calculated. LCE: 2.182, LPA: 0.122
2025-07-04 13:11:09,552 - INFO - Starting 20 epochs of training...
2025-07-04 13:11:53,138 - INFO - Epoch 1/20 completed. Current TBD: 150061.01
2025-07-04 13:26:27,665 - INFO - --- Starting run: resnet-m3-cifar-n0-s42 ---
2025-07-04 13:26:31,146 - INFO - Attempting to generate model...
2025-07-04 13:26:31,233 - INFO - Model generated. Depth: 16, Channels: [512, 128, 256, 256]
2025-07-04 13:26:31,234 - INFO - Calculating initial geometric metrics (LCE, LPA)...
2025-07-04 13:26:32,331 - INFO - Metrics calculated. LCE: 2.182, LPA: 0.122
2025-07-04 13:26:32,433 - INFO - Starting 20 epochs of training...
2025-07-04 13:27:15,380 - INFO - Epoch 1/20 completed. Current TBD: 150061.01
2025-07-04 13:30:06,835 - INFO - Epoch 5/20 completed. Current TBD: 34380.11
2025-07-04 13:33:41,382 - INFO - Epoch 10/20 completed. Current TBD: 24310.81
2025-07-04 13:37:15,868 - INFO - Epoch 15/20 completed. Current TBD: 20622.71
2025-07-04 13:40:50,331 - INFO - Epoch 20/20 completed. Current TBD: 16812.43
2025-07-04 13:40:50,334 - INFO - Training complete. Calculating final metrics and outcomes...
2025-07-04 13:40:55,713 - INFO - Attempting to fit decay constant (tau)...
2025-07-04 13:40:55,718 - INFO - Decay constant (tau) calculation completed. Tau: 0.83
2025-07-04 13:40:55,718 - INFO - Run outcomes calculated. Final Accuracy: 51.60, Tau: 0.83
2025-07-04 13:40:55,718 - INFO - --- Run resnet-m3-cifar-n0-s42 completed. ---
