2025-07-03 22:40:10,824 - INFO - --- Starting run: resnet-m4-mnist-n100-s42 ---
2025-07-03 22:40:14,734 - INFO - Attempting to generate model...
2025-07-03 22:40:15,318 - INFO - Model generated. Depth: 49, Channels: [512, 512, 64, 256]
2025-07-03 22:40:15,322 - INFO - Calculating initial geometric metrics (LCE, LPA)...
2025-07-03 22:40:16,188 - INFO - Metrics calculated. LCE: 2.535, LPA: 0.127
2025-07-03 22:40:16,555 - INFO - Starting 20 epochs of training...
2025-07-03 22:41:23,910 - INFO - Epoch 1/20 completed. Current TBD: 473691.57
2025-07-03 22:41:24,631 - ERROR - An unexpected error occurred during run resnet-m4-mnist-n100-s42.
Traceback (most recent call last):
  File "/tmp/ipykernel_8687/2330807043.py", line 583, in <module>
    results, model_to_delete, optimizer_to_delete = run_single_experiment(config, datasets_cache, run_logger) # Pass logger
                                                    ^^^^^^^^^^^^^^^^^^^^^^^^^^^^^^^^^^^^^^^^^^^^^^^^^^^^^^^^^
  File "/tmp/ipykernel_8687/2330807043.py", line 305, in run_single_experiment
    output = model(data.to(device))
             ^^^^^^^^^^^^^^^^^^^^^^
  File "/usr/local/lib/python3.11/dist-packages/torch/nn/modules/module.py", line 1518, in _wrapped_call_impl
    return self._call_impl(*args, **kwargs)
           ^^^^^^^^^^^^^^^^^^^^^^^^^^^^^^^^
  File "/usr/local/lib/python3.11/dist-packages/torch/nn/modules/module.py", line 1527, in _call_impl
    return forward_call(*args, **kwargs)
           ^^^^^^^^^^^^^^^^^^^^^^^^^^^^^
  File "/tmp/ipykernel_8687/2330807043.py", line 187, in forward
    out, slices = self.backbone(x, return_all_slices=True) if return_all_slices else (self.backbone(x), None)
                                                                                      ^^^^^^^^^^^^^^^^
  File "/usr/local/lib/python3.11/dist-packages/torch/nn/modules/module.py", line 1518, in _wrapped_call_impl
    return self._call_impl(*args, **kwargs)
           ^^^^^^^^^^^^^^^^^^^^^^^^^^^^^^^^
  File "/usr/local/lib/python3.11/dist-packages/torch/nn/modules/module.py", line 1527, in _call_impl
    return forward_call(*args, **kwargs)
           ^^^^^^^^^^^^^^^^^^^^^^^^^^^^^
  File "/tmp/ipykernel_8687/2330807043.py", line 141, in forward
    out = block(out)
          ^^^^^^^^^^
  File "/usr/local/lib/python3.11/dist-packages/torch/nn/modules/module.py", line 1518, in _wrapped_call_impl
    return self._call_impl(*args, **kwargs)
           ^^^^^^^^^^^^^^^^^^^^^^^^^^^^^^^^
  File "/usr/local/lib/python3.11/dist-packages/torch/nn/modules/module.py", line 1527, in _call_impl
    return forward_call(*args, **kwargs)
           ^^^^^^^^^^^^^^^^^^^^^^^^^^^^^
  File "/tmp/ipykernel_8687/2330807043.py", line 117, in forward
    y = self.act(self.bn1(self.conv1(x))); y = self.bn2(self.conv2(y)); y += self.shortcut(x); return self.act(y)
        ^^^^^^^^^^^^^^^^^^^^^^^^^^^^^^^^^
  File "/usr/local/lib/python3.11/dist-packages/torch/nn/functional.py", line 1471, in relu
    result = torch.relu(input)
             ^^^^^^^^^^^^^^^^^
torch.cuda.OutOfMemoryError: CUDA out of memory. Tried to allocate 50.00 MiB. GPU 0 has a total capacty of 47.53 GiB of which 38.88 MiB is free. Process 1279048 has 47.48 GiB memory in use. Of the allocated memory 46.87 GiB is allocated by PyTorch, and 273.70 MiB is reserved by PyTorch but unallocated. If reserved but unallocated memory is large try setting max_split_size_mb to avoid fragmentation.  See documentation for Memory Management and PYTORCH_CUDA_ALLOC_CONF
2025-07-04 07:21:08,702 - INFO - --- Starting run: resnet-m4-mnist-n100-s42 ---
2025-07-04 07:21:12,335 - INFO - Attempting to generate model...
2025-07-04 07:21:12,898 - INFO - Model generated. Depth: 49, Channels: [512, 512, 64, 256]
2025-07-04 07:21:12,901 - INFO - Calculating initial geometric metrics (LCE, LPA)...
2025-07-04 07:21:13,811 - INFO - Metrics calculated. LCE: 2.535, LPA: 0.127
2025-07-04 07:21:14,217 - INFO - Starting 20 epochs of training...
2025-07-04 07:21:15,457 - ERROR - An unexpected error occurred during run resnet-m4-mnist-n100-s42.
Traceback (most recent call last):
  File "/tmp/ipykernel_46/2330807043.py", line 583, in <module>
    results, model_to_delete, optimizer_to_delete = run_single_experiment(config, datasets_cache, run_logger) # Pass logger
                                                    ^^^^^^^^^^^^^^^^^^^^^^^^^^^^^^^^^^^^^^^^^^^^^^^^^^^^^^^^^
  File "/tmp/ipykernel_46/2330807043.py", line 305, in run_single_experiment
    output = model(data.to(device))
             ^^^^^^^^^^^^^^^^^^^^^^
  File "/usr/local/lib/python3.11/dist-packages/torch/nn/modules/module.py", line 1518, in _wrapped_call_impl
    return self._call_impl(*args, **kwargs)
           ^^^^^^^^^^^^^^^^^^^^^^^^^^^^^^^^
  File "/usr/local/lib/python3.11/dist-packages/torch/nn/modules/module.py", line 1527, in _call_impl
    return forward_call(*args, **kwargs)
           ^^^^^^^^^^^^^^^^^^^^^^^^^^^^^
  File "/tmp/ipykernel_46/2330807043.py", line 187, in forward
    out, slices = self.backbone(x, return_all_slices=True) if return_all_slices else (self.backbone(x), None)
                                                                                      ^^^^^^^^^^^^^^^^
  File "/usr/local/lib/python3.11/dist-packages/torch/nn/modules/module.py", line 1518, in _wrapped_call_impl
    return self._call_impl(*args, **kwargs)
           ^^^^^^^^^^^^^^^^^^^^^^^^^^^^^^^^
  File "/usr/local/lib/python3.11/dist-packages/torch/nn/modules/module.py", line 1527, in _call_impl
    return forward_call(*args, **kwargs)
           ^^^^^^^^^^^^^^^^^^^^^^^^^^^^^
  File "/tmp/ipykernel_46/2330807043.py", line 141, in forward
    out = block(out)
          ^^^^^^^^^^
  File "/usr/local/lib/python3.11/dist-packages/torch/nn/modules/module.py", line 1518, in _wrapped_call_impl
    return self._call_impl(*args, **kwargs)
           ^^^^^^^^^^^^^^^^^^^^^^^^^^^^^^^^
  File "/usr/local/lib/python3.11/dist-packages/torch/nn/modules/module.py", line 1527, in _call_impl
    return forward_call(*args, **kwargs)
           ^^^^^^^^^^^^^^^^^^^^^^^^^^^^^
  File "/tmp/ipykernel_46/2330807043.py", line 117, in forward
    y = self.act(self.bn1(self.conv1(x))); y = self.bn2(self.conv2(y)); y += self.shortcut(x); return self.act(y)
                 ^^^^^^^^^^^^^^^^^^^^^^^
  File "/usr/local/lib/python3.11/dist-packages/torch/nn/modules/module.py", line 1518, in _wrapped_call_impl
    return self._call_impl(*args, **kwargs)
           ^^^^^^^^^^^^^^^^^^^^^^^^^^^^^^^^
  File "/usr/local/lib/python3.11/dist-packages/torch/nn/modules/module.py", line 1527, in _call_impl
    return forward_call(*args, **kwargs)
           ^^^^^^^^^^^^^^^^^^^^^^^^^^^^^
  File "/usr/local/lib/python3.11/dist-packages/torch/nn/modules/batchnorm.py", line 171, in forward
    return F.batch_norm(
           ^^^^^^^^^^^^^
  File "/usr/local/lib/python3.11/dist-packages/torch/nn/functional.py", line 2478, in batch_norm
    return torch.batch_norm(
           ^^^^^^^^^^^^^^^^^
torch.cuda.OutOfMemoryError: CUDA out of memory. Tried to allocate 50.00 MiB. GPU 0 has a total capacty of 23.67 GiB of which 24.25 MiB is free. Process 2199227 has 23.64 GiB memory in use. Of the allocated memory 23.33 GiB is allocated by PyTorch, and 55.68 MiB is reserved by PyTorch but unallocated. If reserved but unallocated memory is large try setting max_split_size_mb to avoid fragmentation.  See documentation for Memory Management and PYTORCH_CUDA_ALLOC_CONF
2025-07-04 07:25:05,042 - INFO - --- Starting run: resnet-m4-mnist-n100-s42 ---
2025-07-04 07:25:08,864 - INFO - Attempting to generate model...
2025-07-04 07:25:09,464 - INFO - Model generated. Depth: 49, Channels: [512, 512, 64, 256]
2025-07-04 07:25:09,468 - INFO - Calculating initial geometric metrics (LCE, LPA)...
2025-07-04 07:25:10,406 - INFO - Metrics calculated. LCE: 2.535, LPA: 0.127
2025-07-04 07:25:10,723 - INFO - Starting 20 epochs of training...
2025-07-04 07:25:11,990 - ERROR - An unexpected error occurred during run resnet-m4-mnist-n100-s42.
Traceback (most recent call last):
  File "/tmp/ipykernel_46/2016509918.py", line 584, in <module>
    results, model_to_delete, optimizer_to_delete = run_single_experiment(config, datasets_cache, run_logger) # Pass logger
                                                    ^^^^^^^^^^^^^^^^^^^^^^^^^^^^^^^^^^^^^^^^^^^^^^^^^^^^^^^^^
  File "/tmp/ipykernel_46/2016509918.py", line 306, in run_single_experiment
    output = model(data.to(device))
             ^^^^^^^^^^^^^^^^^^^^^^
  File "/usr/local/lib/python3.11/dist-packages/torch/nn/modules/module.py", line 1518, in _wrapped_call_impl
    return self._call_impl(*args, **kwargs)
           ^^^^^^^^^^^^^^^^^^^^^^^^^^^^^^^^
  File "/usr/local/lib/python3.11/dist-packages/torch/nn/modules/module.py", line 1527, in _call_impl
    return forward_call(*args, **kwargs)
           ^^^^^^^^^^^^^^^^^^^^^^^^^^^^^
  File "/tmp/ipykernel_46/2016509918.py", line 188, in forward
    out, slices = self.backbone(x, return_all_slices=True) if return_all_slices else (self.backbone(x), None)
                                                                                      ^^^^^^^^^^^^^^^^
  File "/usr/local/lib/python3.11/dist-packages/torch/nn/modules/module.py", line 1518, in _wrapped_call_impl
    return self._call_impl(*args, **kwargs)
           ^^^^^^^^^^^^^^^^^^^^^^^^^^^^^^^^
  File "/usr/local/lib/python3.11/dist-packages/torch/nn/modules/module.py", line 1527, in _call_impl
    return forward_call(*args, **kwargs)
           ^^^^^^^^^^^^^^^^^^^^^^^^^^^^^
  File "/tmp/ipykernel_46/2016509918.py", line 142, in forward
    out = block(out)
          ^^^^^^^^^^
  File "/usr/local/lib/python3.11/dist-packages/torch/nn/modules/module.py", line 1518, in _wrapped_call_impl
    return self._call_impl(*args, **kwargs)
           ^^^^^^^^^^^^^^^^^^^^^^^^^^^^^^^^
  File "/usr/local/lib/python3.11/dist-packages/torch/nn/modules/module.py", line 1527, in _call_impl
    return forward_call(*args, **kwargs)
           ^^^^^^^^^^^^^^^^^^^^^^^^^^^^^
  File "/tmp/ipykernel_46/2016509918.py", line 118, in forward
    y = self.act(self.bn1(self.conv1(x))); y = self.bn2(self.conv2(y)); y += self.shortcut(x); return self.act(y)
                                               ^^^^^^^^^^^^^^^^^^^^^^^
  File "/usr/local/lib/python3.11/dist-packages/torch/nn/modules/module.py", line 1518, in _wrapped_call_impl
    return self._call_impl(*args, **kwargs)
           ^^^^^^^^^^^^^^^^^^^^^^^^^^^^^^^^
  File "/usr/local/lib/python3.11/dist-packages/torch/nn/modules/module.py", line 1527, in _call_impl
    return forward_call(*args, **kwargs)
           ^^^^^^^^^^^^^^^^^^^^^^^^^^^^^
  File "/usr/local/lib/python3.11/dist-packages/torch/nn/modules/batchnorm.py", line 171, in forward
    return F.batch_norm(
           ^^^^^^^^^^^^^
  File "/usr/local/lib/python3.11/dist-packages/torch/nn/functional.py", line 2478, in batch_norm
    return torch.batch_norm(
           ^^^^^^^^^^^^^^^^^
torch.cuda.OutOfMemoryError: CUDA out of memory. Tried to allocate 196.00 MiB. GPU 0 has a total capacty of 23.67 GiB of which 180.25 MiB is free. Process 2199227 has 23.49 GiB memory in use. Of the allocated memory 22.86 GiB is allocated by PyTorch, and 359.69 MiB is reserved by PyTorch but unallocated. If reserved but unallocated memory is large try setting max_split_size_mb to avoid fragmentation.  See documentation for Memory Management and PYTORCH_CUDA_ALLOC_CONF
2025-07-04 08:37:11,940 - INFO - --- Starting run: resnet-m4-mnist-n100-s42 ---
2025-07-04 08:37:15,708 - INFO - Attempting to generate model...
2025-07-04 08:37:16,172 - INFO - Model generated. Depth: 49, Channels: [512, 512, 64, 256]
2025-07-04 08:37:16,176 - INFO - Calculating initial geometric metrics (LCE, LPA)...
2025-07-04 08:37:17,048 - INFO - Metrics calculated. LCE: 2.535, LPA: 0.127
2025-07-04 08:37:17,116 - INFO - Starting 20 epochs of training...
2025-07-04 08:38:23,144 - INFO - Epoch 1/20 completed. Current TBD: 377511.16
2025-07-04 08:42:45,786 - INFO - Epoch 5/20 completed. Current TBD: 148194.95
2025-07-04 08:48:14,192 - INFO - Epoch 10/20 completed. Current TBD: 136781.81
2025-07-04 08:53:42,385 - INFO - Epoch 15/20 completed. Current TBD: 126726.22
2025-07-04 08:59:10,654 - INFO - Epoch 20/20 completed. Current TBD: 127516.75
2025-07-04 08:59:10,657 - INFO - Training complete. Calculating final metrics and outcomes...
2025-07-04 08:59:16,777 - INFO - Attempting to fit decay constant (tau)...
2025-07-04 08:59:16,780 - INFO - Decay constant (tau) calculation completed. Tau: 0.47
2025-07-04 08:59:16,780 - INFO - Run outcomes calculated. Final Accuracy: 7.03, Tau: 0.47
2025-07-04 08:59:16,780 - INFO - --- Run resnet-m4-mnist-n100-s42 completed. ---
