2025-08-12 09:02:32,447 - INFO - --- Starting run: plain_cnn_bn-m0-mnist-n0-s42 ---
2025-08-12 09:02:35,658 - INFO - Attempting to generate model...
2025-08-12 09:02:35,681 - INFO - Model generated. Depth: 12, Channels: [64, 512, 128, 128, 512, 64, 512, 128, 64, 256, 128, 64]
2025-08-12 09:02:35,681 - INFO - Calculating initial geometric metrics (LCE, LPA)...
2025-08-12 09:02:35,782 - INFO - Metrics calculated. LCE: 2.583, LPA: 0.125
2025-08-12 09:02:35,829 - INFO - Starting 15 epochs of training...
2025-08-12 09:02:44,207 - INFO - Epoch 1/15 completed. Current TBD: 9799.75
2025-08-12 09:03:18,054 - INFO - Epoch 5/15 completed. Current TBD: 566.05
2025-08-12 09:04:00,548 - INFO - Epoch 10/15 completed. Current TBD: 528.90
2025-08-12 09:04:26,644 - INFO - --- Starting run: plain_cnn_bn-m0-mnist-n0-s42 ---
2025-08-12 09:04:29,761 - INFO - Attempting to generate model...
2025-08-12 09:04:29,869 - INFO - Model generated. Depth: 12, Channels: [64, 512, 128, 128, 512, 64, 512, 128, 64, 256, 128, 64]
2025-08-12 09:04:29,870 - INFO - Calculating initial geometric metrics (LCE, LPA)...
2025-08-12 09:04:30,129 - INFO - Metrics calculated. LCE: 2.583, LPA: 0.125
2025-08-12 09:04:30,204 - INFO - Starting 15 epochs of training...
2025-08-12 09:04:39,460 - INFO - Epoch 1/15 completed. Current TBD: 9799.75
2025-08-12 09:05:13,824 - INFO - Epoch 5/15 completed. Current TBD: 566.05
2025-08-12 09:05:56,977 - INFO - Epoch 10/15 completed. Current TBD: 528.90
2025-08-12 09:06:40,392 - INFO - Epoch 15/15 completed. Current TBD: 535.74
2025-08-12 09:06:40,392 - INFO - Training complete. Calculating final metrics and outcomes...
2025-08-12 09:06:41,370 - INFO - Attempting to fit decay constant (tau)...
2025-08-12 09:06:41,373 - INFO - Decay constant (tau) calculation completed. Tau: 0.36
2025-08-12 09:06:41,373 - INFO - Run outcomes calculated. Final Accuracy: 99.14, Tau: 0.36
2025-08-12 09:06:41,373 - INFO - --- Run plain_cnn_bn-m0-mnist-n0-s42 completed. ---
