2025-08-12 08:42:29,682 - INFO - --- Starting run: plain_cnn_nbn-m2-mnist-n50-s42 ---
2025-08-12 08:42:33,177 - INFO - Attempting to generate model...
2025-08-12 08:42:33,233 - INFO - Model generated. Depth: 24, Channels: [512, 64, 64, 256, 256, 256, 64, 256, 256, 512, 512, 128, 64, 64, 512, 128, 256, 128, 64, 128, 256, 128, 64, 128]
2025-08-12 08:42:33,234 - INFO - Calculating initial geometric metrics (LCE, LPA)...
2025-08-12 08:42:33,368 - INFO - Metrics calculated. LCE: 2.722, LPA: 0.129
2025-08-12 08:42:33,401 - INFO - Starting 15 epochs of training...
2025-08-12 08:42:44,377 - INFO - Epoch 1/15 completed. Current TBD: 0.92
2025-08-12 08:43:31,424 - INFO - --- Starting run: plain_cnn_nbn-m2-mnist-n50-s42 ---
2025-08-12 08:43:34,844 - INFO - Attempting to generate model...
2025-08-12 08:43:34,995 - INFO - Model generated. Depth: 24, Channels: [512, 64, 64, 256, 256, 256, 64, 256, 256, 512, 512, 128, 64, 64, 512, 128, 256, 128, 64, 128, 256, 128, 64, 128]
2025-08-12 08:43:34,997 - INFO - Calculating initial geometric metrics (LCE, LPA)...
2025-08-12 08:43:35,337 - INFO - Metrics calculated. LCE: 2.722, LPA: 0.129
2025-08-12 08:43:35,419 - INFO - Starting 15 epochs of training...
2025-08-12 08:43:46,993 - INFO - Epoch 1/15 completed. Current TBD: 0.92
2025-08-12 08:44:30,996 - INFO - Epoch 5/15 completed. Current TBD: 0.83
2025-08-12 08:45:26,388 - INFO - Epoch 10/15 completed. Current TBD: 0.79
2025-08-12 08:46:22,143 - INFO - Epoch 15/15 completed. Current TBD: 0.73
2025-08-12 08:46:22,143 - INFO - Training complete. Calculating final metrics and outcomes...
2025-08-12 08:46:23,438 - INFO - Attempting to fit decay constant (tau)...
2025-08-12 08:46:23,442 - INFO - Decay constant (tau) calculation completed. Tau: 13.20
2025-08-12 08:46:23,442 - INFO - Run outcomes calculated. Final Accuracy: 11.35, Tau: 13.20
2025-08-12 08:46:23,442 - INFO - --- Run plain_cnn_nbn-m2-mnist-n50-s42 completed. ---
