2025-08-12 14:06:41,602 - INFO - --- Starting run: resnet-m4-cifar-n0-s42 ---
2025-08-12 14:06:45,062 - INFO - Attempting to generate model...
2025-08-12 14:06:45,611 - INFO - Model generated. Depth: 49, Channels: [512, 512, 64, 256]
2025-08-12 14:06:45,615 - INFO - Calculating initial geometric metrics (LCE, LPA)...
2025-08-12 14:06:46,051 - INFO - Metrics calculated. LCE: 2.287, LPA: 0.164
2025-08-12 14:06:46,161 - INFO - Starting 15 epochs of training...
2025-08-12 14:07:41,067 - INFO - Epoch 1/15 completed. Current TBD: 437141.34
2025-08-12 14:11:20,008 - INFO - Epoch 5/15 completed. Current TBD: 163674.13
2025-08-12 14:15:53,153 - INFO - Epoch 10/15 completed. Current TBD: 148961.50
2025-08-12 14:27:14,822 - INFO - --- Starting run: resnet-m4-cifar-n0-s42 ---
2025-08-12 14:27:18,318 - INFO - Attempting to generate model...
2025-08-12 14:27:18,943 - INFO - Model generated. Depth: 49, Channels: [512, 512, 64, 256]
2025-08-12 14:27:18,946 - INFO - Calculating initial geometric metrics (LCE, LPA)...
2025-08-12 14:27:19,671 - INFO - Metrics calculated. LCE: 2.287, LPA: 0.164
2025-08-12 14:27:20,068 - INFO - Starting 15 epochs of training...
2025-08-12 14:28:14,507 - INFO - Epoch 1/15 completed. Current TBD: 437141.34
2025-08-12 14:31:53,816 - INFO - Epoch 5/15 completed. Current TBD: 163674.13
2025-08-12 14:36:28,448 - INFO - Epoch 10/15 completed. Current TBD: 148961.50
2025-08-12 14:41:02,664 - INFO - Epoch 15/15 completed. Current TBD: 142638.12
2025-08-12 14:41:02,666 - INFO - Training complete. Calculating final metrics and outcomes...
2025-08-12 14:41:09,183 - INFO - Attempting to fit decay constant (tau)...
2025-08-12 14:41:09,186 - INFO - Decay constant (tau) calculation completed. Tau: 0.41
2025-08-12 14:41:09,186 - INFO - Run outcomes calculated. Final Accuracy: 20.56, Tau: 0.41
2025-08-12 14:41:09,186 - INFO - --- Run resnet-m4-cifar-n0-s42 completed. ---
